Charm++: standalone mode (not using charmrun)
Charm++> Running in Multicore mode: 3 threads (PEs)
Charm++> Using recursive bisection (scheme 3) for topology aware partitions
Converse/Charm++ Commit ID: v6.10.2-0-g7bf00fa-namd-charm-6.10.2-build-2020-Aug-05-556
Warning> Randomization of virtual memory (ASLR) is turned on in the kernel, thread migration may not work! Run 'echo 0 > /proc/sys/kernel/randomize_va_space' as root to disable it, or try running with '+isomalloc_sync'.
CharmLB> Load balancer assumes all CPUs are same.
Charm++> Running on 1 hosts (1 sockets x 2 cores x 2 PUs = 4-way SMP)
Charm++> cpu topology info is gathered in 0.000 seconds.
Info: NAMD Git-2022-04-04 for Linux-x86_64-multicore
Info: 
Info: Please visit http://www.ks.uiuc.edu/Research/namd/
Info: for updates, documentation, and support information.
Info: 
Info: Please cite Phillips et al., J. Chem. Phys. 153:044130 (2020) doi:10.1063/5.0014475
Info: in all publications reporting results obtained with NAMD.
Info: 
Info: Based on Charm++/Converse 61002 for multicore-linux-x86_64-iccstatic
Info: Built Mon Apr 4 01:57:38 CDT 2022 by jmaia on titan.ks.uiuc.edu
Info: 1 NAMD  Git-2022-04-04  Linux-x86_64-multicore  3    lgx  lg
Info: Running on 3 processors, 1 nodes, 1 physical nodes.
Info: CPU topology information available.
Info: Charm++/Converse parallel runtime startup completed at 0.00268264 s
CkLoopLib is used in SMP with simple dynamic scheduling (converse-level notification)
Info: 176.355 MB of memory in use based on /proc/self/stat
Info: Configuration file is bclxl_S1.conf
Info: Working in the current directory /home/lg/repos/javerianaMD/simulations/tests/03-Build-Membrane-CHARMM-GUI/MD/Equilibration/Step1
TCL: Suspending until startup complete.
Warning: The following variables were set in the
Warning: configuration file but will be ignored:
Warning:    langevinTemp (Langevin)
Warning:    langevinDamping (Langevin)
Warning:    LangevinPistonTarget (LangevinPiston)
Warning:    LangevinPistonPeriod (LangevinPiston)
Warning:    LangevinPistonDecay (LangevinPiston)
Warning:    LangevinPistonTemp (LangevinPiston)
Info: SIMULATION PARAMETERS:
Info: TIMESTEP               2
Info: NUMBER OF STEPS        0
Info: STEPS PER CYCLE        10
Info: PERIODIC CELL BASIS 1  168.8 0 0
Info: PERIODIC CELL BASIS 2  0 169.6 0
Info: PERIODIC CELL BASIS 3  0 0 157.2
Info: PERIODIC CELL CENTER   0 -0.1 -36.1
Info: WRAPPING ALL CLUSTERS AROUND PERIODIC BOUNDARIES ON OUTPUT.
Info: WRAPPING TO IMAGE NEAREST TO PERIODIC CELL CENTER.
Info: LOAD BALANCER  Centralized
Info: LOAD BALANCING STRATEGY  New Load Balancers -- DEFAULT
Info: LDB PERIOD             2000 steps
Info: FIRST LDB TIMESTEP     50
Info: LAST LDB TIMESTEP     -1
Info: LDB BACKGROUND SCALING 1
Info: HOM BACKGROUND SCALING 1
Info: PME BACKGROUND SCALING 1
Info: MIN ATOMS PER PATCH    40
Info: EMPTY PATCH LOAD       40 ATOMS
Info: INITIAL TEMPERATURE    310
Info: CENTER OF MASS MOVING INITIALLY? NO
Info: DIELECTRIC             1
Info: EXCLUDE                SCALED ONE-FOUR
Info: 1-4 ELECTROSTATICS SCALED BY 1
Info: MODIFIED 1-4 VDW PARAMETERS WILL BE USED
Info: DCD FILENAME           bclxl_CHARMMGUI_S1.dcd
Info: DCD FREQUENCY          50000
Info: DCD FIRST STEP         50000
Info: DCD FILE WILL CONTAIN UNIT CELL DATA
Info: XST FILENAME           bclxl_CHARMMGUI_S1.xst
Info: XST FREQUENCY          50000
Info: NO VELOCITY DCD OUTPUT
Info: NO FORCE DCD OUTPUT
Info: OUTPUT FILENAME        bclxl_CHARMMGUI_S1
Info: BINARY OUTPUT FILES WILL BE USED
Info: RESTART FILENAME       bclxl_CHARMMGUI_S1.restart
Info: RESTART FREQUENCY      50000
Info: BINARY RESTART FILES WILL BE USED
Info: SWITCHING ACTIVE
Info: VDW FORCE SWITCHING ACTIVE
Info: SWITCHING ON           10
Info: SWITCHING OFF          12
Info: PAIRLIST DISTANCE      14
Info: PAIRLIST SHRINK RATE   0.01
Info: PAIRLIST GROW RATE     0.01
Info: PAIRLIST TRIGGER       0.3
Info: PAIRLISTS PER CYCLE    2
Info: PAIRLISTS ENABLED
Info: MARGIN                 3
Info: HYDROGEN GROUP CUTOFF  2.5
Info: PATCH DIMENSION        19.5
Info: ENERGY OUTPUT STEPS    5000
Info: CROSSTERM ENERGY INCLUDED IN DIHEDRAL
Info: TIMING OUTPUT STEPS    50000
Info: PRESSURE OUTPUT STEPS  5000
Info: HARMONIC CONSTRAINTS ACTIVE
Info: HARMONIC CONS EXP      2
Info: PARTICLE MESH EWALD (PME) ACTIVE
Info: PME TOLERANCE               1e-06
Info: PME EWALD COEFFICIENT       0.257952
Info: PME INTERPOLATION ORDER     4
Info: PME GRID DIMENSIONS         176 176 160
Info: PME MAXIMUM GRID SPACING    1
Info: Attempting to read FFTW data from FFTW_NAMD_Git-2022-04-04_Linux-x86_64-multicore.txt
Info: Optimizing 6 FFT steps.  1... 2... 3... 4... 5... 6...   Done.
Info: Writing FFTW data to FFTW_NAMD_Git-2022-04-04_Linux-x86_64-multicore.txt
Info: FULL ELECTROSTATIC EVALUATION FREQUENCY      2
Info: USING VERLET I (r-RESPA) MTS SCHEME.
Info: C1 SPLITTING OF LONG RANGE ELECTROSTATICS
Info: PLACING ATOMS IN PATCHES BY HYDROGEN GROUPS
Info: RIGID BONDS TO HYDROGEN : ALL
Info:         ERROR TOLERANCE : 1e-08
Info:          MAX ITERATIONS : 100
Info: RIGID WATER USING SETTLE ALGORITHM
Info: RANDOM NUMBER SEED     1654539997
Info: USE HYDROGEN BONDS?    NO
Info: COORDINATE PDB         ../../MembBuilding/bclxl_CHARMMGUI.pdb
Info: STRUCTURE FILE         ../../MembBuilding/bclxl_CHARMMGUI.psf
Info: PARAMETER file: CHARMM format! 
Info: PARAMETERS             ../../ParamFiles/NBFIX.str
Info: PARAMETERS             ../../ParamFiles/par_all36m_prot.prm
Info: PARAMETERS             ../../ParamFiles/par_all36_na.prm
Info: PARAMETERS             ../../ParamFiles/par_all36_carb.prm
Info: PARAMETERS             ../../ParamFiles/par_all36_lipid.prm
Info: PARAMETERS             ../../ParamFiles/par_all36_cgenff.prm
Info: PARAMETERS             ../../ParamFiles/toppar_all36_lipid_lps.str
Info: PARAMETERS             ../../ParamFiles/toppar_all36_carb_imlab.str
Info: USING ARITHMETIC MEAN TO COMBINE L-J SIGMA PARAMETERS
Info: SKIPPING rtf SECTION IN STREAM FILE
Info: SKIPPING rtf SECTION IN STREAM FILE
FATAL ERROR: DIDN'T FIND vdW PARAMETER FOR ATOM TYPE SOD
FATAL ERROR: DIDN'T FIND vdW PARAMETER FOR ATOM TYPE SOD
[Partition 0][Node 0] End of program
