/usr/local/lib/vmd/vmd_LINUXAMD64: /lib/x86_64-linux-gnu/libGL.so.1: no version information available (required by /usr/local/lib/vmd/vmd_LINUXAMD64)
/usr/local/lib/vmd/vmd_LINUXAMD64: /lib/x86_64-linux-gnu/libGL.so.1: no version information available (required by /usr/local/lib/vmd/vmd_LINUXAMD64)
/usr/local/lib/vmd/vmd_LINUXAMD64: /lib/x86_64-linux-gnu/libGL.so.1: no version information available (required by /usr/local/lib/vmd/vmd_LINUXAMD64)
Info) VMD for LINUXAMD64, version 1.9.3 (November 30, 2016)
Info) http://www.ks.uiuc.edu/Research/vmd/                         
Info) Email questions and bug reports to vmd@ks.uiuc.edu           
Info) Please include this reference in published work using VMD:   
Info)    Humphrey, W., Dalke, A. and Schulten, K., `VMD - Visual   
Info)    Molecular Dynamics', J. Molec. Graphics 1996, 14.1, 33-38.
Info) -------------------------------------------------------------
Info) Multithreading available, 4 CPUs detected.
Info)   CPU features: SSE2 AVX AVX2 FMA 
Info) Free system memory: 13GB (85%)
Info) No CUDA accelerator devices available.
Info) VMD for LINUXAMD64, version 1.9.3 (November 30, 2016)
Info) http://www.ks.uiuc.edu/Research/vmd/                         
Info) Email questions and bug reports to vmd@ks.uiuc.edu           
Info) Please include this reference in published work using VMD:   
Info)    Humphrey, W., Dalke, A. and Schulten, K., `VMD - Visual   
Info)    Molecular Dynamics', J. Molec. Graphics 1996, 14.1, 33-38.
Info) -------------------------------------------------------------
Info) VMD for LINUXAMD64, version 1.9.3 (November 30, 2016)
Info) http://www.ks.uiuc.edu/Research/vmd/                         
Info) Email questions and bug reports to vmd@ks.uiuc.edu           
Info) Please include this reference in published work using VMD:   
Info)    Humphrey, W., Dalke, A. and Schulten, K., `VMD - Visual   
Info)    Molecular Dynamics', J. Molec. Graphics 1996, 14.1, 33-38.
Info) -------------------------------------------------------------
Info) Multithreading available, 4 CPUs detected.
Info) Multithreading available, 4 CPUs detected.
Info)   CPU features: SSE2 AVX AVX2 FMA 
Info)   CPU features: SSE2 AVX AVX2 FMA 
Info) Free system memory: 13GB (85%)
Info) Free system memory: 13GB (85%)
Info) No CUDA accelerator devices available.
Info) No CUDA accelerator devices available.
Info) Dynamically loaded 2 plugins in directory:
Info) /usr/local/lib/vmd/plugins/LINUXAMD64/molfile
Info) Dynamically loaded 2 plugins in directory:
Info) Dynamically loaded 2 plugins in directory:
Info) /usr/local/lib/vmd/plugins/LINUXAMD64/molfile
Info) /usr/local/lib/vmd/plugins/LINUXAMD64/molfile
/usr/local/lib/vmd/scripts/tcl8.5 /usr/local/lib/vmd/scripts /usr/local/lib/lib /Projects/johns/tcl/8.5.6/lib_LINUXAMD64/lib /usr/local/lib/vmd/scripts/vmd /usr/local/lib/vmd/plugins/LINUXAMD64/tcl /usr/local/lib/vmd/plugins/noarch/tcl /home/lg/BIO/omicas/simulations/opt/vmdplugins/orient/
/usr/local/lib/vmd/scripts/tcl8.5 /usr/local/lib/vmd/scripts /usr/local/lib/lib /Projects/johns/tcl/8.5.6/lib_LINUXAMD64/lib /usr/local/lib/vmd/scripts/vmd /usr/local/lib/vmd/plugins/LINUXAMD64/tcl /usr/local/lib/vmd/plugins/noarch/tcl /home/lg/BIO/omicas/simulations/opt/vmdplugins/orient/ /home/lg/BIO/omicas/simulations/opt/vmdplugins/la1.0/
ERROR) No molecules loaded.
ERROR) No molecules loaded.mol operates on one molecule only.
ERROR) No molecules loaded.mol operates on one molecule only.
ERROR) No molecules loaded.
ERROR) No molecules loaded.mol operates on one molecule only.
ERROR) No molecules loaded.mol operates on one molecule only.
/usr/local/lib/vmd/scripts/tcl8.5 /usr/local/lib/vmd/scripts /usr/local/lib/lib /Projects/johns/tcl/8.5.6/lib_LINUXAMD64/lib /usr/local/lib/vmd/scripts/vmd /usr/local/lib/vmd/plugins/LINUXAMD64/tcl /usr/local/lib/vmd/plugins/noarch/tcl /home/lg/BIO/omicas/simulations/opt/vmdplugins/orient/
/usr/local/lib/vmd/scripts/tcl8.5 /usr/local/lib/vmd/scripts /usr/local/lib/lib /Projects/johns/tcl/8.5.6/lib_LINUXAMD64/lib /usr/local/lib/vmd/scripts/vmd /usr/local/lib/vmd/plugins/LINUXAMD64/tcl /usr/local/lib/vmd/plugins/noarch/tcl /home/lg/BIO/omicas/simulations/opt/vmdplugins/orient/
/usr/local/lib/vmd/scripts/tcl8.5 /usr/local/lib/vmd/scripts /usr/local/lib/lib /Projects/johns/tcl/8.5.6/lib_LINUXAMD64/lib /usr/local/lib/vmd/scripts/vmd /usr/local/lib/vmd/plugins/LINUXAMD64/tcl /usr/local/lib/vmd/plugins/noarch/tcl /home/lg/BIO/omicas/simulations/opt/vmdplugins/orient/ /home/lg/BIO/omicas/simulations/opt/vmdplugins/la1.0/
/usr/local/lib/vmd/scripts/tcl8.5 /usr/local/lib/vmd/scripts /usr/local/lib/lib /Projects/johns/tcl/8.5.6/lib_LINUXAMD64/lib /usr/local/lib/vmd/scripts/vmd /usr/local/lib/vmd/plugins/LINUXAMD64/tcl /usr/local/lib/vmd/plugins/noarch/tcl /home/lg/BIO/omicas/simulations/opt/vmdplugins/orient/ /home/lg/BIO/omicas/simulations/opt/vmdplugins/la1.0/
ERROR) No molecules loaded.
ERROR) No molecules loaded.
ERROR) No molecules loaded.mol operates on one molecule only.
ERROR) No molecules loaded.mol operates on one molecule only.
ERROR) No molecules loaded.mol operates on one molecule only.
ERROR) No molecules loaded.mol operates on one molecule only.
ERROR) No molecules loaded.
ERROR) No molecules loaded.
ERROR) No molecules loaded.mol operates on one molecule only.
ERROR) No molecules loaded.mol operates on one molecule only.
after#0
ERROR) No molecules loaded.mol operates on one molecule only.
ERROR) No molecules loaded.mol operates on one molecule only.
trj475ns-Alone/step5_input.psf
trj475ns-Alone/dcd-DCD-003.dcd
trj475ns-Alone/Frame0-REF.pdb
trj475ns-Alone/dcd-DCD-003-RMSF.csv
psfplugin) Detected a Charmm PSF file
psfplugin) Detected a Charmm PSF EXTEnded file
Info) Using plugin psf for structure file trj475ns-Alone/step5_input.psf
after#0
after#0
trj475ns-Alone/step5_input.psf
trj475ns-Alone/step5_input.psf
trj475ns-Alone/dcd-DCD-002.dcd
trj475ns-Alone/dcd-DCD-001.dcd
trj475ns-Alone/Frame0-REF.pdb
trj475ns-Alone/Frame0-REF.pdb
trj475ns-Alone/dcd-DCD-001-RMSF.csv
trj475ns-Alone/dcd-DCD-002-RMSF.csv
psfplugin) Detected a Charmm PSF file
psfplugin) Detected a Charmm PSF EXTEnded file
Info) Using plugin psf for structure file trj475ns-Alone/step5_input.psf
psfplugin) Detected a Charmm PSF file
psfplugin) Detected a Charmm PSF EXTEnded file
Info) Using plugin psf for structure file trj475ns-Alone/step5_input.psf
Info) Analyzing structure ...
Info)    Atoms: 345386
Info)    Bonds: 344171
Info)    Angles: 294146  Dihedrals: 302386  Impropers: 2289  Cross-terms: 229
Info)    Bondtypes: 0  Angletypes: 0  Dihedraltypes: 0  Impropertypes: 0
Info)    Residues: 78533
Info)    Waters: 77044
Info)    Segments: 4
Info)    Fragments: 78303   Protein: 1   Nucleic: 0
0
dcdplugin) detected standard 32-bit DCD file of native endianness
dcdplugin) CHARMM format DCD file (also NAMD 2.1 and later)
Info) Using plugin dcd for coordinates from file trj475ns-Alone/dcd-DCD-001.dcd
Info) Analyzing structure ...
Info)    Atoms: 345386
Info)    Bonds: 344171
Info)    Angles: 294146  Dihedrals: 302386  Impropers: 2289  Cross-terms: 229
Info)    Bondtypes: 0  Angletypes: 0  Dihedraltypes: 0  Impropertypes: 0
Info)    Residues: 78533
Info)    Waters: 77044
Info) Analyzing structure ...
Info)    Atoms: 345386
Info)    Bonds: 344171
Info)    Angles: 294146  Dihedrals: 302386  Impropers: 2289  Cross-terms: 229
Info)    Bondtypes: 0  Angletypes: 0  Dihedraltypes: 0  Impropertypes: 0
Info)    Segments: 4
Info)    Residues: 78533
Info)    Fragments: 78303   Protein: 1   Nucleic: 0
Info)    Waters: 77044
0
dcdplugin) detected standard 32-bit DCD file of native endianness
dcdplugin) CHARMM format DCD file (also NAMD 2.1 and later)
Info) Using plugin dcd for coordinates from file trj475ns-Alone/dcd-DCD-003.dcd
Info)    Segments: 4
Info)    Fragments: 78303   Protein: 1   Nucleic: 0
0
dcdplugin) detected standard 32-bit DCD file of native endianness
dcdplugin) CHARMM format DCD file (also NAMD 2.1 and later)
Info) Using plugin dcd for coordinates from file trj475ns-Alone/dcd-DCD-002.dcd
Info) Coordinate I/O rate 39.2 frames/sec, 154 MB/sec, 20.2 sec
Info) Finished with coordinate file trj475ns-Alone/dcd-DCD-001.dcd.
0
Info) Using plugin pdb for structure file trj475ns-Alone/Frame0-REF.pdb
Info) Using plugin pdb for coordinates from file trj475ns-Alone/Frame0-REF.pdb
Info) Determining bond structure from distance search ...
Info) Analyzing structure ...
Info)    Atoms: 925
Info)    Bonds: 924
Info)    Angles: 0  Dihedrals: 0  Impropers: 0  Cross-terms: 0
Info)    Bondtypes: 0  Angletypes: 0  Dihedraltypes: 0  Impropertypes: 0
Info)    Residues: 231
Info)    Waters: 0
Info)    Segments: 1
Info)    Fragments: 1   Protein: 1   Nucleic: 0
Info) Finished with coordinate file trj475ns-Alone/Frame0-REF.pdb.
1
segid PROA and name CA
atomselect0
atomselect1
file4
atomselect2
4.493004322052002 4.188571453094482 4.133141994476318 3.640200614929199 3.123274564743042 3.113737106323242 3.239457130432129 2.770488739013672 2.38615083694458 2.9080634117126465 3.2239575386047363 2.7971091270446777 2.8634727001190186 3.743802070617676 3.9260032176971436 3.740062952041626 4.271569728851318 5.012466907501221 5.167941570281982 5.394479751586914 6.126401901245117 5.636744976043701 5.794126510620117 5.229704856872559 6.154824733734131 5.599344730377197 4.986515522003174 5.565871715545654 5.6761794090271 5.524316310882568 6.463468551635742 7.395936012268066 6.3328657150268555 6.509975433349609 6.839387893676758 7.714716911315918 9.362774848937988 10.93681526184082 12.511441230773926 13.667139053344727 13.641274452209473 14.04336929321289 13.215051651000977 13.489542007446289 12.05361270904541 10.222607612609863 9.183919906616211 7.914702415466309 6.730586528778076 6.2428693771362305 5.912563800811768 5.860110282897949 5.935622692108154 6.472135543823242 6.336441993713379 6.829020977020264 8.503640174865723 8.493849754333496 10.312888145446777 11.487427711486816 12.4634370803833 14.371598243713379 16.534887313842773 17.29799461364746 19.192319869995117 18.36382484436035 16.263477325439453 14.486435890197754 13.234761238098145 11.616432189941406 10.617308616638184 9.424068450927734 7.925848484039307 6.4598493576049805 5.432880878448486 5.312309265136719 5.606854438781738 5.391726970672607 5.541387557983398 4.938517093658447 4.42822790145874 4.417969226837158 3.7740650177001953 4.058510780334473 4.2697014808654785 3.7004685401916504 3.4483485221862793 4.136136054992676 4.159049034118652 3.4860498905181885 3.7966346740722656 4.5685715675354 4.339308738708496 3.8025128841400146 4.635971546173096 5.160943984985352 4.5082502365112305 4.363535404205322 5.4218854904174805 5.561859607696533 4.758992671966553 4.611671447753906 4.944057941436768 4.419943809509277 3.5907092094421387 4.023695468902588 4.169763565063477 3.4345781803131104 3.1900644302368164 3.8290305137634277 3.7605621814727783 3.187896251678467 3.5576233863830566 3.442715644836426 3.9510364532470703 4.331127643585205 4.479261875152588 3.6479299068450928 3.809032917022705 3.5511460304260254 4.067328929901123 3.5580875873565674 2.910078287124634 3.504068374633789 3.9729156494140625 3.4796736240386963 3.335397481918335 4.253310680389404 4.551532745361328 4.244245529174805 4.642652988433838 5.582067966461182 6.227458953857422 6.020435333251953 5.142210960388184 5.149355888366699 4.607056140899658 4.510370254516602 4.0907721519470215 3.4387881755828857 3.347994565963745 3.365664482116699 2.707864999771118 2.379549980163574 2.839963912963867 2.609753370285034 2.1402220726013184 2.6153507232666016 3.0694591999053955 2.692577362060547 2.91409969329834 3.7190287113189697 3.780613899230957 3.6628990173339844 4.399177074432373 4.900505542755127 4.783397674560547 5.136163234710693 4.453256607055664 4.517970561981201 4.387762069702148 3.652043581008911 3.4120707511901855 3.532893180847168 3.241100549697876 2.5419774055480957 2.5963990688323975 3.063359022140503 2.769094705581665 2.3351171016693115 2.8481006622314453 3.478398323059082 3.331862449645996 3.255343198776245 3.9981954097747803 4.57795524597168 4.551485538482666 4.133497714996338 4.387487888336182 5.421869277954102 5.36346960067749 4.846186637878418 5.545157432556152 6.309633255004883 6.0603156089782715 6.054856777191162 5.033727169036865 4.343660354614258 4.972532749176025 5.2453460693359375 4.519476413726807 4.622920513153076 5.404333591461182 5.327913284301758 4.833789348602295 4.702139377593994 5.591383934020996 6.129864692687988 6.291160583496094 7.257978439331055 7.944275379180908 9.371160507202148 9.494104385375977 9.766926765441895 9.568689346313477 10.17716121673584 10.083529472351074 8.78510856628418 8.510603904724121 8.04834270477295 7.509910583496094 7.819258213043213 8.32120418548584 8.650609016418457 8.287842750549316 8.389749526977539 9.031942367553711 8.95618724822998 8.670670509338379 9.284565925598145 9.647378921508789 9.204096794128418 9.46094036102295 10.190627098083496 10.044219970703125 9.734429359436035 10.396055221557617 10.828712463378906 10.450353622436523 10.607922554016113 11.407517433166504
Info) VMD for LINUXAMD64, version 1.9.3 (November 30, 2016)
Info) Exiting normally.
vmd > rmsfs-trajectory-ref.tcl trj475ns-Alone/step5_input.psf trj475ns-Alone/dcd-DCD-001.dcd trj475ns-Alone/Frame0-REF.pdb outs-475ns-Protein/rmsf-dcd-DCD-001.csv
/usr/local/lib/vmd/vmd_LINUXAMD64: /lib/x86_64-linux-gnu/libGL.so.1: no version information available (required by /usr/local/lib/vmd/vmd_LINUXAMD64)
Info) VMD for LINUXAMD64, version 1.9.3 (November 30, 2016)
Info) http://www.ks.uiuc.edu/Research/vmd/                         
Info) Email questions and bug reports to vmd@ks.uiuc.edu           
Info) Please include this reference in published work using VMD:   
Info)    Humphrey, W., Dalke, A. and Schulten, K., `VMD - Visual   
Info)    Molecular Dynamics', J. Molec. Graphics 1996, 14.1, 33-38.
Info) -------------------------------------------------------------
Info) Multithreading available, 4 CPUs detected.
Info)   CPU features: SSE2 AVX AVX2 FMA 
Info) Free system memory: 7312MB (46%)
Info) No CUDA accelerator devices available.
Info) Dynamically loaded 2 plugins in directory:
Info) /usr/local/lib/vmd/plugins/LINUXAMD64/molfile
/usr/local/lib/vmd/scripts/tcl8.5 /usr/local/lib/vmd/scripts /usr/local/lib/lib /Projects/johns/tcl/8.5.6/lib_LINUXAMD64/lib /usr/local/lib/vmd/scripts/vmd /usr/local/lib/vmd/plugins/LINUXAMD64/tcl /usr/local/lib/vmd/plugins/noarch/tcl /home/lg/BIO/omicas/simulations/opt/vmdplugins/orient/
/usr/local/lib/vmd/scripts/tcl8.5 /usr/local/lib/vmd/scripts /usr/local/lib/lib /Projects/johns/tcl/8.5.6/lib_LINUXAMD64/lib /usr/local/lib/vmd/scripts/vmd /usr/local/lib/vmd/plugins/LINUXAMD64/tcl /usr/local/lib/vmd/plugins/noarch/tcl /home/lg/BIO/omicas/simulations/opt/vmdplugins/orient/ /home/lg/BIO/omicas/simulations/opt/vmdplugins/la1.0/
ERROR) No molecules loaded.
ERROR) No molecules loaded.mol operates on one molecule only.
ERROR) No molecules loaded.mol operates on one molecule only.
ERROR) No molecules loaded.
ERROR) No molecules loaded.mol operates on one molecule only.
ERROR) No molecules loaded.mol operates on one molecule only.
after#0
trj475ns-Alone/step5_input.psf
trj475ns-Alone/dcd-DCD-004.dcd
trj475ns-Alone/Frame0-REF.pdb
trj475ns-Alone/dcd-DCD-004-RMSF.csv
psfplugin) Detected a Charmm PSF file
psfplugin) Detected a Charmm PSF EXTEnded file
Info) Using plugin psf for structure file trj475ns-Alone/step5_input.psf
Info) Coordinate I/O rate 37.9 frames/sec, 149 MB/sec, 20.8 sec
Info) Finished with coordinate file trj475ns-Alone/dcd-DCD-002.dcd.
0
Info) Using plugin pdb for structure file trj475ns-Alone/Frame0-REF.pdb
Info) Using plugin pdb for coordinates from file trj475ns-Alone/Frame0-REF.pdb
Info) Determining bond structure from distance search ...
Info) Analyzing structure ...
Info)    Atoms: 925
Info)    Bonds: 924
Info)    Angles: 0  Dihedrals: 0  Impropers: 0  Cross-terms: 0
Info)    Bondtypes: 0  Angletypes: 0  Dihedraltypes: 0  Impropertypes: 0
Info)    Residues: 231
Info)    Waters: 0
Info)    Segments: 1
Info)    Fragments: 1   Protein: 1   Nucleic: 0
Info) Finished with coordinate file trj475ns-Alone/Frame0-REF.pdb.
1
segid PROA and name CA
atomselect0
atomselect1
Info) Coordinate I/O rate 37.4 frames/sec, 147 MB/sec, 21.1 sec
Info) Finished with coordinate file trj475ns-Alone/dcd-DCD-003.dcd.
0
Info) Using plugin pdb for structure file trj475ns-Alone/Frame0-REF.pdb
Info) Using plugin pdb for coordinates from file trj475ns-Alone/Frame0-REF.pdb
Info) Determining bond structure from distance search ...
Info) Analyzing structure ...
Info)    Atoms: 925
Info)    Bonds: 924
Info)    Angles: 0  Dihedrals: 0  Impropers: 0  Cross-terms: 0
Info)    Bondtypes: 0  Angletypes: 0  Dihedraltypes: 0  Impropertypes: 0
Info)    Residues: 231
Info)    Waters: 0
Info)    Segments: 1
Info)    Fragments: 1   Protein: 1   Nucleic: 0
Info) Finished with coordinate file trj475ns-Alone/Frame0-REF.pdb.
1
segid PROA and name CA
atomselect0
atomselect1
file4
atomselect2
3.5067942142486572 3.187774419784546 3.2892889976501465 3.1055476665496826 2.5256965160369873 2.4683427810668945 2.754700183868408 2.4034957885742188 1.8415627479553223 2.247025966644287 2.6393163204193115 2.1760504245758057 1.879054069519043 2.548607110977173 2.7796759605407715 2.3834261894226074 2.563082456588745 3.269446611404419 3.3664913177490234 3.218811511993408 3.735156774520874 3.4429080486297607 3.7441508769989014 3.3602025508880615 4.119091510772705 4.256615161895752 3.8388283252716064 4.218465805053711 4.789403438568115 4.751819133758545 5.442045211791992 5.715651988983154 5.045840740203857 6.28977632522583 6.000916957855225 6.2151079177856445 6.105742454528809 7.09390926361084 8.199782371520996 8.95662784576416 8.589229583740234 9.30733585357666 9.764530181884766 10.706428527832031 10.279261589050293 9.86575698852539 8.540818214416504 7.582031726837158 6.3035149574279785 5.651626110076904 4.9522294998168945 4.521529674530029 4.2559380531311035 4.50143575668335 4.666526794433594 4.727110385894775 5.32898473739624 5.517072677612305 6.6153693199157715 7.741099834442139 8.728316307067871 9.683894157409668 10.68492317199707 10.322798728942871 11.54880142211914 11.340322494506836 9.940407752990723 8.855216979980469 8.258970260620117 7.038670063018799 6.523576259613037 5.703097820281982 4.992478847503662 4.27822208404541 3.8949337005615234 4.147235870361328 4.191390514373779 5.095763683319092 6.262355327606201 5.969727993011475 5.147214412689209 4.854799747467041 3.8581185340881348 4.17420768737793 4.343491077423096 3.658092737197876 3.3135859966278076 3.926976442337036 3.9151089191436768 3.1496939659118652 3.2515509128570557 3.9628922939300537 3.7549185752868652 3.0581443309783936 3.528456687927246 4.1613006591796875 3.7064578533172607 3.320401430130005 4.082609176635742 4.5462117195129395 4.163912296295166 3.794356346130371 4.322099208831787 4.27566385269165 3.456289052963257 3.7238621711730957 4.31539249420166 3.8485405445098877 3.398688316345215 4.1780571937561035 4.425891876220703 3.75262713432312 3.863781690597534 3.474622964859009 3.881218433380127 4.161865711212158 4.725779056549072 4.233593463897705 4.191309452056885 3.7582571506500244 4.454287052154541 4.306031227111816 3.4566681385040283 3.805630683898926 4.480101585388184 3.9597294330596924 3.4844367504119873 4.368670463562012 4.740140438079834 4.302383899688721 4.5439958572387695 5.5109453201293945 5.923557281494141 5.393118381500244 4.633529186248779 4.623428821563721 4.132272243499756 4.101694583892822 3.8155338764190674 3.149414300918579 2.998530626296997 3.0723447799682617 2.598017692565918 2.0459518432617188 2.2800350189208984 2.3420157432556152 1.8066046237945557 1.7293016910552979 2.1265807151794434 2.152012586593628 1.9413561820983887 2.2416460514068604 2.6243700981140137 2.7030558586120605 2.8771302700042725 3.232515335083008 3.5891501903533936 3.7282333374023438 3.566768169403076 3.707484006881714 3.711757183074951 3.056682825088501 2.5257391929626465 2.7707879543304443 2.8195667266845703 2.206594228744507 2.001605987548828 2.479948043823242 2.5232090950012207 2.019585132598877 2.216153383255005 2.7977054119110107 2.8612658977508545 2.6313297748565674 3.014857530593872 3.5699338912963867 3.689267873764038 3.4004909992218018 3.404419422149658 4.134607315063477 4.398105621337891 4.033186435699463 4.4021148681640625 5.08567476272583 5.20946741104126 5.223916530609131 4.425521373748779 4.07539176940918 4.836715221405029 5.055069923400879 4.381239414215088 4.655763149261475 5.4618940353393555 5.211369037628174 4.638169765472412 4.754383563995361 5.403975963592529 6.06076192855835 5.756920337677002 5.682244300842285 6.5554070472717285 7.9650349617004395 7.700301170349121 6.549503803253174 5.561014652252197 6.03650426864624 6.717406272888184 6.418139457702637 6.428765773773193 6.229228496551514 6.520632743835449 6.851388454437256 6.698402404785156 7.415432453155518 7.412717819213867 6.762319564819336 7.094480037689209 7.656517505645752 7.272100448608398 7.067384243011475 7.700774192810059 7.885992527008057 7.523056983947754 7.808991432189941 8.407334327697754 8.298355102539063 8.12535572052002 8.699950218200684 9.081445693969727 8.882131576538086 9.00777816772461
Info) VMD for LINUXAMD64, version 1.9.3 (November 30, 2016)
Info) Exiting normally.
vmd > file4
atomselect2
5.12703800201416 4.5495524406433105 4.234160423278809 4.02614164352417 3.5109076499938965 3.0632431507110596 2.992300510406494 2.780229330062866 2.0634567737579346 2.002462148666382 2.342027425765991 1.9876599311828613 1.5520793199539185 2.139756202697754 2.570523977279663 2.331234931945801 2.6009738445281982 3.2436373233795166 3.5983331203460693 3.7623116970062256 4.1622209548950195 3.6206159591674805 3.4078497886657715 2.7225229740142822 3.217076539993286 3.2696709632873535 3.008652448654175 3.5370819568634033 3.9611661434173584 3.6143429279327393 4.333216667175293 4.605922698974609 3.8157010078430176 4.344417572021484 4.128400802612305 5.2423601150512695 5.983578681945801 7.202115535736084 8.96971321105957 10.801884651184082 12.040594100952148 13.098051071166992 13.629632949829102 12.386712074279785 10.794777870178223 9.484679222106934 8.125005722045898 5.934332370758057 5.342092037200928 4.657377243041992 4.198592185974121 4.901465892791748 5.014087677001953 6.204270839691162 7.518383026123047 8.160078048706055 9.47916030883789 9.292559623718262 10.367570877075195 11.011082649230957 11.420760154724121 12.888108253479004 13.623258590698242 14.963044166564941 16.69333267211914 16.300474166870117 15.301426887512207 13.474672317504883 12.878944396972656 11.662860870361328 10.825678825378418 9.650465965270996 8.2724027633667 6.816053867340088 5.897429466247559 5.087250232696533 4.3650383949279785 3.4492924213409424 3.7882165908813477 3.6399741172790527 4.514577865600586 4.213414192199707 4.215673923492432 4.213451385498047 4.6201348304748535 4.009956359863281 3.443356513977051 3.957568407058716 3.9821105003356934 3.1246721744537354 3.165421724319458 3.8586628437042236 3.40602445602417 2.7400684356689453 3.3589537143707275 3.662076473236084 2.9722604751586914 2.9888229370117188 3.771411895751953 3.6494300365448 3.025393486022949 3.280123710632324 3.2731070518493652 2.65395450592041 2.2201201915740967 2.8291897773742676 2.938816785812378 2.4204468727111816 2.4155914783477783 3.2466769218444824 3.302292823791504 2.9549567699432373 4.045518398284912 3.913367748260498 4.367340564727783 4.427125453948975 5.029851913452148 4.175739288330078 4.248027801513672 3.8494532108306885 4.320527076721191 3.768476724624634 2.8911657333374023 3.31594181060791 3.490023136138916 2.6998350620269775 2.4402966499328613 3.223952531814575 3.028857946395874 2.7444188594818115 3.3698737621307373 3.9407646656036377 4.253617286682129 4.309260845184326 4.015477657318115 3.976120948791504 3.7244248390197754 3.2523601055145264 2.7979705333709717 2.7106809616088867 2.4382543563842773 2.052421808242798 1.7563080787658691 1.5481576919555664 1.6077858209609985 1.3196405172348022 1.0904324054718018 1.3474314212799072 1.8343933820724487 1.7132632732391357 1.666921615600586 2.3772940635681152 2.847583293914795 2.740241289138794 3.0106520652770996 3.792102336883545 4.1345109939575195 4.057943820953369 3.644778251647949 3.509880781173706 3.5106213092803955 3.021763324737549 2.3902177810668945 2.7220070362091064 2.9240026473999023 2.1592440605163574 2.0668351650238037 2.9535694122314453 2.8847408294677734 2.3082425594329834 3.0099501609802246 3.7510986328125 3.482328414916992 3.4693965911865234 4.3676438331604 4.8545942306518555 4.518563270568848 4.137319087982178 4.7451934814453125 5.673862457275391 5.31373405456543 5.132754802703857 6.1078081130981445 6.522246837615967 6.142844200134277 6.7232842445373535 5.659300327301025 4.879602909088135 5.613866806030273 5.418819904327393 4.565589427947998 4.950847625732422 5.625914573669434 5.089517116546631 4.577499866485596 5.188717842102051 5.780733585357666 6.052721977233887 6.4514641761779785 7.141775131225586 7.3772077560424805 7.864141464233398 7.614686965942383 7.419011116027832 7.83338737487793 8.097668647766113 7.397125720977783 6.782166957855225 6.04461145401001 6.112796306610107 6.125824451446533 5.742051124572754 5.4338531494140625 5.263813495635986 5.66863489151001 5.940299034118652 5.679398059844971 6.011519432067871 6.6234259605407715 6.624541282653809 6.690764904022217 7.382996559143066 7.878771781921387 7.733921527862549 8.254922866821289 9.037222862243652 9.150164604187012 9.297834396362305 10.21257209777832 10.772302627563477 10.968830108642578
Info) VMD for LINUXAMD64, version 1.9.3 (November 30, 2016)
Info) Exiting normally.
vmd > rmsfs-trajectory-ref.tcl trj475ns-Alone/step5_input.psf trj475ns-Alone/dcd-DCD-002.dcd trj475ns-Alone/Frame0-REF.pdb outs-475ns-Protein/rmsf-dcd-DCD-002.csv
/usr/local/lib/vmd/vmd_LINUXAMD64: /lib/x86_64-linux-gnu/libGL.so.1: no version information available (required by /usr/local/lib/vmd/vmd_LINUXAMD64)
Info) VMD for LINUXAMD64, version 1.9.3 (November 30, 2016)
Info) http://www.ks.uiuc.edu/Research/vmd/                         
Info) Email questions and bug reports to vmd@ks.uiuc.edu           
Info) Please include this reference in published work using VMD:   
Info)    Humphrey, W., Dalke, A. and Schulten, K., `VMD - Visual   
Info)    Molecular Dynamics', J. Molec. Graphics 1996, 14.1, 33-38.
Info) -------------------------------------------------------------
Info) Multithreading available, 4 CPUs detected.
Info)   CPU features: SSE2 AVX AVX2 FMA 
Info) Free system memory: 12GB (76%)
Info) No CUDA accelerator devices available.
Info) Dynamically loaded 2 plugins in directory:
Info) /usr/local/lib/vmd/plugins/LINUXAMD64/molfile
/usr/local/lib/vmd/scripts/tcl8.5 /usr/local/lib/vmd/scripts /usr/local/lib/lib /Projects/johns/tcl/8.5.6/lib_LINUXAMD64/lib /usr/local/lib/vmd/scripts/vmd /usr/local/lib/vmd/plugins/LINUXAMD64/tcl /usr/local/lib/vmd/plugins/noarch/tcl /home/lg/BIO/omicas/simulations/opt/vmdplugins/orient/
/usr/local/lib/vmd/scripts/tcl8.5 /usr/local/lib/vmd/scripts /usr/local/lib/lib /Projects/johns/tcl/8.5.6/lib_LINUXAMD64/lib /usr/local/lib/vmd/scripts/vmd /usr/local/lib/vmd/plugins/LINUXAMD64/tcl /usr/local/lib/vmd/plugins/noarch/tcl /home/lg/BIO/omicas/simulations/opt/vmdplugins/orient/ /home/lg/BIO/omicas/simulations/opt/vmdplugins/la1.0/
ERROR) No molecules loaded.
ERROR) No molecules loaded.mol operates on one molecule only.
ERROR) No molecules loaded.mol operates on one molecule only.
ERROR) No molecules loaded.
ERROR) No molecules loaded.mol operates on one molecule only.
ERROR) No molecules loaded.mol operates on one molecule only.
after#0
trj475ns-Alone/step5_input.psf
trj475ns-Alone/dcd-DCD-005.dcd
trj475ns-Alone/Frame0-REF.pdb
trj475ns-Alone/dcd-DCD-005-RMSF.csv
psfplugin) Detected a Charmm PSF file
psfplugin) Detected a Charmm PSF EXTEnded file
Info) Using plugin psf for structure file trj475ns-Alone/step5_input.psf
Info) Analyzing structure ...
Info)    Atoms: 345386
Info)    Bonds: 344171
Info)    Angles: 294146  Dihedrals: 302386  Impropers: 2289  Cross-terms: 229
Info)    Bondtypes: 0  Angletypes: 0  Dihedraltypes: 0  Impropertypes: 0
Info)    Residues: 78533
Info)    Waters: 77044
rmsfs-trajectory-ref.tcl trj475ns-Alone/step5_input.psf trj475ns-Alone/dcd-DCD-003.dcd trj475ns-Alone/Frame0-REF.pdb outs-475ns-Protein/rmsf-dcd-DCD-003.csv
Info)    Segments: 4
Info)    Fragments: 78303   Protein: 1   Nucleic: 0
/usr/local/lib/vmd/vmd_LINUXAMD64: /lib/x86_64-linux-gnu/libGL.so.1: no version information available (required by /usr/local/lib/vmd/vmd_LINUXAMD64)
0
dcdplugin) detected standard 32-bit DCD file of native endianness
dcdplugin) CHARMM format DCD file (also NAMD 2.1 and later)
Info) Using plugin dcd for coordinates from file trj475ns-Alone/dcd-DCD-004.dcd
Info) VMD for LINUXAMD64, version 1.9.3 (November 30, 2016)
Info) http://www.ks.uiuc.edu/Research/vmd/                         
Info) Email questions and bug reports to vmd@ks.uiuc.edu           
Info) Please include this reference in published work using VMD:   
Info)    Humphrey, W., Dalke, A. and Schulten, K., `VMD - Visual   
Info)    Molecular Dynamics', J. Molec. Graphics 1996, 14.1, 33-38.
Info) -------------------------------------------------------------
Info) Multithreading available, 4 CPUs detected.
Info)   CPU features: SSE2 AVX AVX2 FMA 
Info) Free system memory: 13GB (85%)
Info) No CUDA accelerator devices available.
Info) Dynamically loaded 2 plugins in directory:
Info) /usr/local/lib/vmd/plugins/LINUXAMD64/molfile
/usr/local/lib/vmd/scripts/tcl8.5 /usr/local/lib/vmd/scripts /usr/local/lib/lib /Projects/johns/tcl/8.5.6/lib_LINUXAMD64/lib /usr/local/lib/vmd/scripts/vmd /usr/local/lib/vmd/plugins/LINUXAMD64/tcl /usr/local/lib/vmd/plugins/noarch/tcl /home/lg/BIO/omicas/simulations/opt/vmdplugins/orient/
/usr/local/lib/vmd/scripts/tcl8.5 /usr/local/lib/vmd/scripts /usr/local/lib/lib /Projects/johns/tcl/8.5.6/lib_LINUXAMD64/lib /usr/local/lib/vmd/scripts/vmd /usr/local/lib/vmd/plugins/LINUXAMD64/tcl /usr/local/lib/vmd/plugins/noarch/tcl /home/lg/BIO/omicas/simulations/opt/vmdplugins/orient/ /home/lg/BIO/omicas/simulations/opt/vmdplugins/la1.0/
ERROR) No molecules loaded.
ERROR) No molecules loaded.mol operates on one molecule only.
ERROR) No molecules loaded.mol operates on one molecule only.
ERROR) No molecules loaded.
ERROR) No molecules loaded.mol operates on one molecule only.
ERROR) No molecules loaded.mol operates on one molecule only.
after#0
trj475ns-Alone/step5_input.psf
trj475ns-Alone/dcd-DCD-006.dcd
trj475ns-Alone/Frame0-REF.pdb
trj475ns-Alone/dcd-DCD-006-RMSF.csv
psfplugin) Detected a Charmm PSF file
psfplugin) Detected a Charmm PSF EXTEnded file
Info) Using plugin psf for structure file trj475ns-Alone/step5_input.psf
Info) Analyzing structure ...
Info)    Atoms: 345386
Info)    Bonds: 344171
Info)    Angles: 294146  Dihedrals: 302386  Impropers: 2289  Cross-terms: 229
Info)    Bondtypes: 0  Angletypes: 0  Dihedraltypes: 0  Impropertypes: 0
Info)    Residues: 78533
Info)    Waters: 77044
Info)    Segments: 4
Info)    Fragments: 78303   Protein: 1   Nucleic: 0
0
dcdplugin) detected standard 32-bit DCD file of native endianness
dcdplugin) CHARMM format DCD file (also NAMD 2.1 and later)
Info) Using plugin dcd for coordinates from file trj475ns-Alone/dcd-DCD-005.dcd
Info) Analyzing structure ...
Info)    Atoms: 345386
Info)    Bonds: 344171
Info)    Angles: 294146  Dihedrals: 302386  Impropers: 2289  Cross-terms: 229
Info)    Bondtypes: 0  Angletypes: 0  Dihedraltypes: 0  Impropertypes: 0
Info)    Residues: 78533
Info)    Waters: 77044
Info)    Segments: 4
Info)    Fragments: 78303   Protein: 1   Nucleic: 0
0
dcdplugin) detected standard 32-bit DCD file of native endianness
dcdplugin) CHARMM format DCD file (also NAMD 2.1 and later)
Info) Using plugin dcd for coordinates from file trj475ns-Alone/dcd-DCD-006.dcd
Info) Coordinate I/O rate 39.6 frames/sec, 156 MB/sec, 19.9 sec
Info) Finished with coordinate file trj475ns-Alone/dcd-DCD-004.dcd.
0
Info) Using plugin pdb for structure file trj475ns-Alone/Frame0-REF.pdb
Info) Using plugin pdb for coordinates from file trj475ns-Alone/Frame0-REF.pdb
Info) Determining bond structure from distance search ...
Info) Analyzing structure ...
Info)    Atoms: 925
Info)    Bonds: 924
Info)    Angles: 0  Dihedrals: 0  Impropers: 0  Cross-terms: 0
Info)    Bondtypes: 0  Angletypes: 0  Dihedraltypes: 0  Impropertypes: 0
Info)    Residues: 231
Info)    Waters: 0
Info)    Segments: 1
Info)    Fragments: 1   Protein: 1   Nucleic: 0
Info) Finished with coordinate file trj475ns-Alone/Frame0-REF.pdb.
1
segid PROA and name CA
atomselect0
atomselect1
file4
atomselect2
4.727581977844238 4.436482906341553 4.501255512237549 3.6922483444213867 2.8614461421966553 3.0758056640625 3.240229845046997 2.1914587020874023 1.8223596811294556 2.8549270629882813 3.0203371047973633 2.3603556156158447 2.830016613006592 3.875422239303589 3.887493848800659 3.944394111633301 4.724637985229492 5.405805587768555 5.590986251831055 6.160998821258545 6.852149486541748 6.300554275512695 6.119019031524658 5.165981292724609 6.097033500671387 6.520968437194824 5.537350654602051 5.387102127075195 6.499438285827637 6.184088230133057 7.196200370788574 7.076719760894775 6.018961429595947 6.276246547698975 5.570353984832764 5.9557952880859375 5.445239067077637 5.027486324310303 5.584018230438232 5.652478218078613 5.948776721954346 6.574821949005127 7.2395853996276855 7.1325297355651855 6.760425090789795 6.277894496917725 6.212021827697754 5.208179950714111 4.799471855163574 4.349846839904785 3.6810402870178223 3.7860164642333984 3.751333475112915 3.847029685974121 3.60306715965271 3.614725112915039 4.57719612121582 5.252508640289307 6.961249351501465 8.249485969543457 9.833597183227539 11.728179931640625 12.870535850524902 12.673168182373047 14.131842613220215 13.624869346618652 11.90030574798584 10.397565841674805 8.834932327270508 7.075892448425293 6.142642498016357 4.884820461273193 4.387368202209473 3.6338400840759277 2.932251214981079 3.268815040588379 3.4710662364959717 3.6200451850891113 4.234185695648193 3.880429744720459 4.13070821762085 3.6482901573181152 3.169732093811035 3.0907976627349854 2.6756856441497803 2.2457830905914307 2.1747512817382813 2.604252815246582 2.4510719776153564 2.095700263977051 2.7795612812042236 3.5429954528808594 3.4227983951568604 3.225534200668335 4.284712791442871 4.880959987640381 4.541876316070557 4.741244792938232 5.908365249633789 6.16986608505249 5.653626918792725 5.754857540130615 6.495510101318359 5.806103229522705 4.739303112030029 5.456762790679932 5.732549667358398 4.6720404624938965 4.318234920501709 5.180224418640137 4.963860511779785 3.992786407470703 4.380237579345703 4.2511982917785645 4.316279411315918 4.244906425476074 3.925797700881958 3.2832748889923096 2.963559627532959 2.7327184677124023 3.3925423622131348 3.346078395843506 2.7358031272888184 3.2329940795898438 4.109736442565918 3.921278953552246 3.4015634059906006 4.467889785766602 5.141149997711182 4.768056392669678 5.044165134429932 6.315080165863037 6.764376163482666 6.049729824066162 5.034915924072266 4.847078323364258 3.9422271251678467 4.170505046844482 4.031878471374512 2.943558692932129 2.79687762260437 3.404402017593384 2.548119068145752 1.8605910539627075 2.9049179553985596 3.0392308235168457 2.155433177947998 2.845557451248169 3.785918951034546 3.3180248737335205 3.360140085220337 4.456174850463867 4.745223522186279 4.382291793823242 5.199822902679443 5.992530822753906 5.896195888519287 5.98238468170166 5.026331901550293 5.2036542892456055 4.633447170257568 3.644879102706909 3.551305055618286 3.5122833251953125 2.892089605331421 2.1625254154205322 2.1741857528686523 2.599545955657959 2.0920791625976563 1.5561673641204834 2.2233798503875732 2.919846296310425 2.738485097885132 2.635986328125 3.6307191848754883 4.295784950256348 4.239070415496826 3.7390575408935547 4.070547580718994 5.2896528244018555 5.1324567794799805 4.358994007110596 5.252617835998535 6.098844528198242 5.529087543487549 5.32163667678833 4.344909191131592 3.435368537902832 3.9500362873077393 4.26288366317749 3.340785264968872 3.0153746604919434 3.8431243896484375 4.1141862869262695 3.647620677947998 3.739161729812622 4.328425884246826 5.21380090713501 4.988749980926514 4.1883440017700195 4.160210609436035 4.548433780670166 5.761617183685303 6.710257530212402 7.314896106719971 8.874021530151367 9.301620483398438 7.67631721496582 6.699334144592285 6.9799370765686035 6.796804428100586 6.699007987976074 6.069285869598389 6.0201616287231445 7.174597263336182 7.328964710235596 6.572983741760254 7.508890628814697 8.607114791870117 8.115415573120117 7.95184850692749 9.515924453735352 10.09925365447998 9.27649211883545 10.16109848022461 11.711923599243164 11.494904518127441 11.14714241027832 12.870397567749023 13.888015747070313 13.41496467590332
Info) VMD for LINUXAMD64, version 1.9.3 (November 30, 2016)
Info) Exiting normally.
vmd > rmsfs-trajectory-ref.tcl trj475ns-Alone/step5_input.psf trj475ns-Alone/dcd-DCD-004.dcd trj475ns-Alone/Frame0-REF.pdb outs-475ns-Protein/rmsf-dcd-DCD-004.csv
Info) Coordinate I/O rate 39.7 frames/sec, 157 MB/sec, 19.9 sec
Info) Finished with coordinate file trj475ns-Alone/dcd-DCD-005.dcd.
0
Info) Using plugin pdb for structure file trj475ns-Alone/Frame0-REF.pdb
Info) Using plugin pdb for coordinates from file trj475ns-Alone/Frame0-REF.pdb
Info) Determining bond structure from distance search ...
Info) Analyzing structure ...
Info)    Atoms: 925
Info)    Bonds: 924
Info)    Angles: 0  Dihedrals: 0  Impropers: 0  Cross-terms: 0
Info)    Bondtypes: 0  Angletypes: 0  Dihedraltypes: 0  Impropertypes: 0
Info)    Residues: 231
Info)    Waters: 0
Info)    Segments: 1
Info)    Fragments: 1   Protein: 1   Nucleic: 0
Info) Finished with coordinate file trj475ns-Alone/Frame0-REF.pdb.
1
segid PROA and name CA
atomselect0
atomselect1
file4
atomselect2
5.177077293395996 4.683504104614258 4.692160606384277 3.984412431716919 3.140094518661499 3.125943660736084 3.2274832725524902 2.130068302154541 1.5655394792556763 2.5306925773620605 2.4565954208374023 1.6143896579742432 2.2427055835723877 3.3085830211639404 3.0741543769836426 3.2358760833740234 4.1957902908325195 4.726139068603516 4.783804893493652 5.602468490600586 6.332523822784424 5.881898403167725 5.829318523406982 4.922458171844482 6.138751983642578 6.815907001495361 5.820413589477539 6.3963775634765625 7.130037307739258 7.032417297363281 8.26511001586914 7.675426483154297 6.663546562194824 6.883828639984131 6.283141613006592 6.986676216125488 5.797405242919922 4.117088794708252 5.183202743530273 4.941068172454834 5.5877580642700195 5.925166130065918 6.183967590332031 6.051759243011475 5.678451061248779 5.8735809326171875 6.138458728790283 5.28616189956665 5.457921028137207 5.356080055236816 4.833608150482178 5.307859897613525 4.90739631652832 5.137724876403809 5.487149238586426 4.860736846923828 5.213644504547119 5.2772064208984375 5.81043815612793 6.425336837768555 6.426336765289307 6.9791083335876465 8.041057586669922 8.178241729736328 8.955471992492676 8.66499137878418 8.181755065917969 7.864129543304443 7.369142055511475 6.5154805183410645 6.472626686096191 6.122645854949951 5.749217987060547 5.429080486297607 4.4226908683776855 4.616168975830078 4.721284866333008 4.128022193908691 4.537295818328857 3.9634947776794434 4.144585132598877 4.0205607414245605 3.356133460998535 2.7951345443725586 2.631741523742676 2.4749250411987305 1.7478656768798828 1.8768773078918457 2.361377716064453 1.8844363689422607 2.0640268325805664 2.9964981079101563 3.3071939945220947 2.9342472553253174 3.8450355529785156 4.627247333526611 4.34231424331665 4.382012844085693 5.588534832000732 5.941788196563721 5.487907886505127 5.4808502197265625 6.193854808807373 5.608095169067383 4.611610412597656 5.2832818031311035 5.580955982208252 4.501649379730225 4.185515403747559 5.069172382354736 4.728752613067627 3.658078908920288 4.279428958892822 3.936702251434326 4.243350028991699 4.204764366149902 3.677354574203491 2.802517890930176 2.2363758087158203 1.8822641372680664 2.3967292308807373 2.519077777862549 2.078531503677368 2.647817611694336 3.5481858253479004 3.5611917972564697 3.2066996097564697 4.269107818603516 4.957847595214844 4.549468517303467 4.988828659057617 6.024567127227783 6.916443824768066 6.357547283172607 5.485427379608154 5.512470245361328 4.602665424346924 4.6181864738464355 4.3849382400512695 3.2959489822387695 2.9119513034820557 3.440467596054077 2.5456130504608154 1.6263554096221924 2.6000707149505615 2.797572135925293 1.814544677734375 2.411330223083496 3.4535138607025146 3.1466190814971924 3.1523337364196777 4.196047306060791 4.667476177215576 4.409831523895264 5.191277027130127 6.006752967834473 6.061511516571045 6.1836090087890625 5.154665470123291 5.296667575836182 4.680781841278076 3.498809576034546 3.403435468673706 3.4858174324035645 2.7698171138763428 1.8689676523208618 2.0075182914733887 2.4916694164276123 1.6870406866073608 1.3156588077545166 2.31611967086792 2.888857841491699 2.7062768936157227 2.9284660816192627 3.9416005611419678 4.482271671295166 4.489629745483398 4.223547458648682 4.674853801727295 5.954519748687744 5.8763251304626465 5.174557685852051 6.135529041290283 7.071136474609375 6.563035011291504 6.388023376464844 5.252896308898926 4.191609859466553 4.724277973175049 5.1488356590271 4.2310709953308105 3.7563204765319824 4.673698425292969 4.93293571472168 4.03140115737915 4.023456573486328 3.4622743129730225 3.5379934310913086 3.9061331748962402 5.607211589813232 5.589439392089844 5.926684856414795 5.240478515625 4.684784889221191 4.93771505355835 5.691059112548828 6.096410751342773 5.547357559204102 5.728156089782715 6.5693840980529785 6.876281261444092 6.942119121551514 6.169737339019775 5.866335391998291 7.169326305389404 7.515115737915039 6.637289524078369 7.037939548492432 8.317729949951172 8.173253059387207 7.480781078338623 8.553035736083984 9.488037109375 8.802005767822266 8.698506355285645 10.076675415039063 10.373502731323242 9.631893157958984 10.305821418762207 11.437438011169434 11.5250244140625
Info) VMD for LINUXAMD64, version 1.9.3 (November 30, 2016)
Info) Exiting normally.
vmd > rmsfs-trajectory-ref.tcl trj475ns-Alone/step5_input.psf trj475ns-Alone/dcd-DCD-005.dcd trj475ns-Alone/Frame0-REF.pdb outs-475ns-Protein/rmsf-dcd-DCD-005.csv
Info) Coordinate I/O rate 39.2 frames/sec, 154 MB/sec, 20.4 sec
Info) Finished with coordinate file trj475ns-Alone/dcd-DCD-006.dcd.
0
Info) Using plugin pdb for structure file trj475ns-Alone/Frame0-REF.pdb
Info) Using plugin pdb for coordinates from file trj475ns-Alone/Frame0-REF.pdb
Info) Determining bond structure from distance search ...
Info) Analyzing structure ...
Info)    Atoms: 925
Info)    Bonds: 924
Info)    Angles: 0  Dihedrals: 0  Impropers: 0  Cross-terms: 0
Info)    Bondtypes: 0  Angletypes: 0  Dihedraltypes: 0  Impropertypes: 0
Info)    Residues: 231
Info)    Waters: 0
Info)    Segments: 1
Info)    Fragments: 1   Protein: 1   Nucleic: 0
Info) Finished with coordinate file trj475ns-Alone/Frame0-REF.pdb.
1
segid PROA and name CA
atomselect0
atomselect1
file4
atomselect2
2.6689350605010986 2.22871994972229 2.1042704582214355 2.023317337036133 1.6426434516906738 1.4840691089630127 1.6652920246124268 1.3504348993301392 0.9970757961273193 1.4633183479309082 1.589856743812561 1.032306432723999 1.3088083267211914 2.0211381912231445 1.8588833808898926 1.5775048732757568 2.321091413497925 2.767740249633789 2.4812979698181152 2.777730941772461 3.5920050144195557 3.6232311725616455 3.8589742183685303 3.2917063236236572 4.416688919067383 4.967759132385254 4.61997652053833 6.421095371246338 6.70854377746582 6.209328651428223 6.8748955726623535 6.207003116607666 5.416881561279297 5.421300888061523 4.639141082763672 4.329597473144531 3.2001023292541504 2.206989049911499 2.5155344009399414 2.4129419326782227 2.765737533569336 3.4487810134887695 3.931004524230957 4.815003395080566 5.152235507965088 5.450895309448242 6.721103668212891 6.466033458709717 7.0101237297058105 7.466792106628418 6.748923301696777 7.167071342468262 6.786649703979492 6.158632278442383 5.775007724761963 5.008062839508057 4.542386054992676 4.05297327041626 4.006503105163574 4.377817153930664 5.884032726287842 7.014988899230957 8.197588920593262 8.33346939086914 9.577972412109375 9.1814546585083 7.429732799530029 5.932150840759277 5.574236869812012 4.804738521575928 5.126100063323975 5.573625564575195 5.876773357391357 6.511769771575928 6.3181376457214355 7.27257776260376 7.331925868988037 6.782931804656982 6.789212226867676 5.448957443237305 4.659284591674805 4.25571346282959 3.2020013332366943 3.2807254791259766 3.6148505210876465 2.970160961151123 2.2291252613067627 2.7211196422576904 2.846677780151367 2.014723777770996 1.6991010904312134 2.2948546409606934 2.342787981033325 1.6415594816207886 1.8499802350997925 2.547882080078125 2.4225358963012695 2.0178511142730713 2.5826964378356934 3.1937031745910645 3.2033512592315674 2.804081439971924 3.620549201965332 3.8830881118774414 3.1803908348083496 3.5614278316497803 4.41169548034668 4.180795192718506 3.838069438934326 4.726256370544434 5.201847076416016 4.700626373291016 5.0621232986450195 4.698714733123779 5.142475128173828 5.164817810058594 5.344859600067139 4.798244476318359 4.656311511993408 4.040742874145508 4.829779148101807 4.875262260437012 3.9224905967712402 4.179985046386719 4.994300842285156 4.359112739562988 3.7811825275421143 4.693667411804199 5.017641544342041 4.448943614959717 4.764160633087158 5.75473690032959 6.148152828216553 5.613164901733398 4.775269031524658 4.549283027648926 3.818702220916748 3.594120502471924 3.5785844326019287 2.909789562225342 2.3692288398742676 2.5855579376220703 2.443709135055542 1.583412528038025 1.6247351169586182 2.2065889835357666 1.884680151939392 1.4636812210083008 2.011007308959961 2.510387420654297 2.3234341144561768 2.4255380630493164 3.0105698108673096 3.3393442630767822 3.424696445465088 3.6381518840789795 4.20512056350708 4.516264915466309 4.325859546661377 4.252577781677246 4.1876044273376465 3.5636723041534424 2.9007911682128906 2.8273942470550537 3.00205397605896 2.46450138092041 1.8414647579193115 2.2560200691223145 2.6124918460845947 2.0301620960235596 1.8323535919189453 2.575751304626465 2.9451141357421875 2.5432755947113037 2.707627296447754 3.5110044479370117 3.943122625350952 3.5779364109039307 3.4117841720581055 4.369112014770508 4.6474127769470215 4.075741767883301 4.5386271476745605 5.407858848571777 5.315183162689209 5.229438304901123 4.269632816314697 3.648501396179199 4.44057559967041 4.6990251541137695 3.8581953048706055 3.9458084106445313 4.755405426025391 4.469202995300293 3.717107057571411 4.271477699279785 4.169048309326172 3.986754894256592 3.8539257049560547 3.7424280643463135 3.715493679046631 3.8265442848205566 3.954991579055786 3.944885492324829 4.024721145629883 4.449967384338379 5.007590293884277 4.9303669929504395 4.884110927581787 5.296062469482422 5.582651615142822 5.997176170349121 5.202272891998291 5.965198516845703 7.3058061599731445 6.907500743865967 6.230388164520264 7.711516857147217 8.668840408325195 7.859116554260254 7.925487518310547 9.774577140808105 10.096822738647461 9.139458656311035 10.314852714538574 11.940079689025879 11.397713661193848 11.029690742492676 12.915767669677734 13.750039100646973 12.736589431762695
Info) VMD for LINUXAMD64, version 1.9.3 (November 30, 2016)
Info) Exiting normally.
vmd > rmsfs-trajectory-ref.tcl trj475ns-Alone/step5_input.psf trj475ns-Alone/dcd-DCD-006.dcd trj475ns-Alone/Frame0-REF.pdb outs-475ns-Protein/rmsf-dcd-DCD-006.csv
  RESID     RMSF
1     1 3.790118
2     2 3.354654
3     3 3.284418
4     4 2.931731
5     5 2.359988
6     6 2.273889
  RESID SYSTEM     RMSF
1     1   RMSF 3.790118
2     2   RMSF 3.354654
3     3   RMSF 3.284418
4     4   RMSF 2.931731
5     5   RMSF 2.359988
6     6   RMSF 2.273889
>>>  outs-475ns-Protein/rmsf-dcd-DCD-001.csv
>>>  outs-475ns-Protein/rmsf-dcd-DCD-002.csv
>>>  outs-475ns-Protein/rmsf-dcd-DCD-003.csv
>>>  outs-475ns-Protein/rmsf-dcd-DCD-004.csv
>>>  outs-475ns-Protein/rmsf-dcd-DCD-005.csv
>>>  outs-475ns-Protein/rmsf-dcd-DCD-006.csv
>>> wide2long-format.R out-RMSFs-trj475ns-Alone.csv RESID SYSTEM RMSF 
>>> plot-XY-MultiLine.R out-RMSFs-trj475ns-Alone-LONG.csv RESID RMSF SYSTEM 'Plot for RMSFs' 'RESIDUES'
